<?xml version="1.0" encoding="UTF-8"?>
<!-- Generated by org.testng.reporters.JUnitXMLReporter -->
<testsuite hostname="hp-PC" ignored="0" name="Default test" tests="3" failures="0" timestamp="2022-03-02T14:53:45 PST" time="0.165" errors="0">
  <testcase name="schooldetails" time="0.021" classname="testNG_Features.MultipleSetOfData"/>
  <testcase name="schooldetails" time="0.004" classname="testNG_Features.MultipleSetOfData"/>
  <testcase name="schooldetails" time="0.003" classname="testNG_Features.MultipleSetOfData"/>
</testsuite> <!-- Default test -->
