<?xml version="1.0" encoding="UTF-8"?>
<testng-results skipped="0" failed="0" ignored="0" total="3" passed="3">
  <reporter-output>
  </reporter-output>
  <suite name="Default suite" duration-ms="165" started-at="2022-03-02T14:53:45 PST" finished-at="2022-03-02T14:53:45 PST">
    <groups>
    </groups>
    <test name="Default test" duration-ms="165" started-at="2022-03-02T14:53:45 PST" finished-at="2022-03-02T14:53:45 PST">
      <class name="testNG_Features.MultipleSetOfData">
        <test-method status="PASS" signature="schooldetails(java.lang.String,int)[pri:0, instance:testNG_Features.MultipleSetOfData@11438d26]" name="schooldetails" duration-ms="21" started-at="2022-03-02T14:53:45 PST" data-provider="data" finished-at="2022-03-02T14:53:45 PST">
          <params>
            <param index="0">
              <value>
                <![CDATA[ani]]>
              </value>
            </param>
            <param index="1">
              <value>
                <![CDATA[6]]>
              </value>
            </param>
          </params>
          <reporter-output>
          </reporter-output>
        </test-method> <!-- schooldetails -->
        <test-method status="PASS" signature="schooldetails(java.lang.String,int)[pri:0, instance:testNG_Features.MultipleSetOfData@11438d26]" name="schooldetails" duration-ms="4" started-at="2022-03-02T14:53:45 PST" data-provider="data" finished-at="2022-03-02T14:53:45 PST">
          <params>
            <param index="0">
              <value>
                <![CDATA[shivani]]>
              </value>
            </param>
            <param index="1">
              <value>
                <![CDATA[8]]>
              </value>
            </param>
          </params>
          <reporter-output>
          </reporter-output>
        </test-method> <!-- schooldetails -->
        <test-method status="PASS" signature="schooldetails(java.lang.String,int)[pri:0, instance:testNG_Features.MultipleSetOfData@11438d26]" name="schooldetails" duration-ms="3" started-at="2022-03-02T14:53:45 PST" data-provider="data" finished-at="2022-03-02T14:53:45 PST">
          <params>
            <param index="0">
              <value>
                <![CDATA[abi]]>
              </value>
            </param>
            <param index="1">
              <value>
                <![CDATA[7]]>
              </value>
            </param>
          </params>
          <reporter-output>
          </reporter-output>
        </test-method> <!-- schooldetails -->
      </class> <!-- testNG_Features.MultipleSetOfData -->
    </test> <!-- Default test -->
  </suite> <!-- Default suite -->
</testng-results>
